0 info it worked if it ends with ok
1 verbose cli [ 'node', '/Users/mirza/.nvm/v0.10.35/bin/npm', 'i' ]
2 info using npm@2.1.18
3 info using node@v0.10.35
4 error install Couldn't read dependencies
5 verbose stack Error: Invalid name: "{{name}}"
5 verbose stack     at ensureValidName (/Users/mirza/.nvm/v0.10.35/lib/node_modules/npm/node_modules/normalize-package-data/lib/fixer.js:322:15)
5 verbose stack     at Object.module.exports.fixNameField (/Users/mirza/.nvm/v0.10.35/lib/node_modules/npm/node_modules/normalize-package-data/lib/fixer.js:211:5)
5 verbose stack     at /Users/mirza/.nvm/v0.10.35/lib/node_modules/npm/node_modules/normalize-package-data/lib/normalize.js:30:38
5 verbose stack     at Array.forEach (native)
5 verbose stack     at normalize (/Users/mirza/.nvm/v0.10.35/lib/node_modules/npm/node_modules/normalize-package-data/lib/normalize.js:29:15)
5 verbose stack     at final (/Users/mirza/.nvm/v0.10.35/lib/node_modules/npm/node_modules/read-package-json/read-json.js:342:33)
5 verbose stack     at then (/Users/mirza/.nvm/v0.10.35/lib/node_modules/npm/node_modules/read-package-json/read-json.js:126:33)
5 verbose stack     at /Users/mirza/.nvm/v0.10.35/lib/node_modules/npm/node_modules/read-package-json/read-json.js:266:40
5 verbose stack     at evalmachine.<anonymous>:272:14
5 verbose stack     at /Users/mirza/.nvm/v0.10.35/lib/node_modules/npm/node_modules/graceful-fs/graceful-fs.js:102:5
6 verbose cwd /Users/mirza/workspace/e-conomic/debitoor-module-template
7 error Darwin 14.1.0
8 error argv "node" "/Users/mirza/.nvm/v0.10.35/bin/npm" "i"
9 error node v0.10.35
10 error npm  v2.1.18
11 error Invalid name: "{{name}}"
12 error If you need help, you may report this error at:
12 error     <http://github.com/npm/npm/issues>
13 verbose exit [ 1, true ]
